2021-03-13 18:03:56 [main] INFO  c.s.k.t.c.UserControllerTest -
				Starting UserControllerTest on DESKTOP-N84U7ND with PID 26208 (started by MukulAnand in C:\Users\MukulAnand\Desktop\Domain Training\keepnote-step6-boilerplate\UserService)
2021-03-13 18:03:56 [main] DEBUG c.s.k.t.c.UserControllerTest -
				Running with Spring Boot v2.0.2.RELEASE, Spring v5.0.6.RELEASE
2021-03-13 18:03:56 [main] INFO  c.s.k.t.c.UserControllerTest -
				No active profile set, falling back to default profiles: default
2021-03-13 18:03:58 [main] INFO  c.s.k.t.c.UserControllerTest -
				Started UserControllerTest in 2.118 seconds (JVM running for 4.083)
2021-03-13 18:03:58 [main] INFO  c.s.k.t.r.UserRepositoryTest -
				Starting UserRepositoryTest on DESKTOP-N84U7ND with PID 26208 (started by MukulAnand in C:\Users\MukulAnand\Desktop\Domain Training\keepnote-step6-boilerplate\UserService)
2021-03-13 18:03:58 [main] DEBUG c.s.k.t.r.UserRepositoryTest -
				Running with Spring Boot v2.0.2.RELEASE, Spring v5.0.6.RELEASE
2021-03-13 18:03:58 [main] INFO  c.s.k.t.r.UserRepositoryTest -
				No active profile set, falling back to default profiles: default
2021-03-13 18:04:05 [main] INFO  c.s.k.t.r.UserRepositoryTest -
				Started UserRepositoryTest in 6.298 seconds (JVM running for 11.077)
2021-03-13 18:04:05 [main] INFO  c.s.keepnote.test.log.LoggerTest -
				Starting LoggerTest on DESKTOP-N84U7ND with PID 26208 (started by MukulAnand in C:\Users\MukulAnand\Desktop\Domain Training\keepnote-step6-boilerplate\UserService)
2021-03-13 18:04:05 [main] DEBUG c.s.keepnote.test.log.LoggerTest -
				Running with Spring Boot v2.0.2.RELEASE, Spring v5.0.6.RELEASE
2021-03-13 18:04:05 [main] INFO  c.s.keepnote.test.log.LoggerTest -
				No active profile set, falling back to default profiles: default
2021-03-13 18:04:08 [main] INFO  c.s.keepnote.test.log.LoggerTest -
				Started LoggerTest in 2.952 seconds (JVM running for 14.293)
