2021-03-12 23:40:15 [main] INFO  c.s.keepnote.NoteServiceApplication -
				Starting NoteServiceApplication on DESKTOP-N84U7ND with PID 23068 (started by MukulAnand in C:\Users\MukulAnand\Desktop\Domain Training\keepnote-step6-boilerplate\NoteService)
2021-03-12 23:40:15 [main] DEBUG c.s.keepnote.NoteServiceApplication -
				Running with Spring Boot v2.0.2.RELEASE, Spring v5.0.6.RELEASE
2021-03-12 23:40:15 [main] INFO  c.s.keepnote.NoteServiceApplication -
				No active profile set, falling back to default profiles: default
2021-03-12 23:40:16 [localhost-startStop-1] DEBUG c.s.keepnote.jwtfilter.JwtFilter -
				Initializing filter 'jwtFilter'
2021-03-12 23:40:16 [localhost-startStop-1] DEBUG c.s.keepnote.jwtfilter.JwtFilter -
				Filter 'jwtFilter' configured successfully
2021-03-12 23:40:16 [main] ERROR o.s.b.d.LoggingFailureAnalysisReporter -
				

***************************
APPLICATION FAILED TO START
***************************

Description:

Failed to bind properties under 'spring.data.mongodb.host' to java.lang.String:

    Property: spring.data.mongodb.host
    Value: ${MONGO_HOST}
    Origin: class path resource [application.yml]:8:13
    Reason: Could not resolve placeholder 'MONGO_HOST' in value "${MONGO_HOST}"

Action:

Update your application's configuration

